<?xml version="1.0" encoding="UTF-8"?>
<!-- Generated by org.testng.reporters.JUnitReportReporter -->
<testsuite skipped="0" hostname="CN-L-5CG9011Y0X" name="learnCollections.ArrayLIst" tests="3" failures="0" timestamp="2020-04-12T13:31:30 EDT" time="0.029" errors="0">
  <testcase name="copyreverseshufflelist" time="0.004" classname="learnCollections.ArrayLIst"/>
  <testcase name="iterateArrayList" time="0.003" classname="learnCollections.ArrayLIst"/>
  <testcase name="americaFlag" time="0.022" classname="learnCollections.ArrayLIst"/>
</testsuite> <!-- learnCollections.ArrayLIst -->
