<?xml version="1.0" encoding="UTF-8"?>
<!-- Generated by org.testng.reporters.JUnitReportReporter -->
<testsuite skipped="0" hostname="CN-L-5CG9011Y0X" name="learnCollections.Linked" tests="2" failures="0" timestamp="2020-04-12T21:03:57 EDT" time="0.036" errors="0">
  <testcase name="linkedlistreverseiteration" time="0.004" classname="learnCollections.Linked"/>
  <testcase name="linkedlistiteration" time="0.032" classname="learnCollections.Linked"/>
</testsuite> <!-- learnCollections.Linked -->
